2019-11-12 10:49:26,993 [Worker-4] INFO  c.g.t.t.d.PublishedGradleVersions - Gradle version information cache is out-of-date. Trying to update.
2019-11-12 12:15:52,764 [Worker-53] WARN  o.e.r.models.ModelRepository - Failed to download org.eclipse.recommenders:index::zip:0.0.0
org.eclipse.aether.resolution.ArtifactResolutionException: Could not find artifact org.eclipse.recommenders:index:zip:0.0.0-SNAPSHOT in models (http://download.eclipse.org/recommenders/models/oxygen/)
	at org.eclipse.aether.internal.impl.DefaultArtifactResolver.resolve(DefaultArtifactResolver.java:453) ~[na:na]
	at org.eclipse.aether.internal.impl.DefaultArtifactResolver.resolveArtifacts(DefaultArtifactResolver.java:255) ~[na:na]
	at org.eclipse.aether.internal.impl.DefaultArtifactResolver.resolveArtifact(DefaultArtifactResolver.java:232) ~[na:na]
	at org.eclipse.aether.internal.impl.DefaultRepositorySystem.resolveArtifact(DefaultRepositorySystem.java:303) ~[na:na]
	at org.eclipse.recommenders.models.ModelRepository.resolveInternal(ModelRepository.java:193) [org.eclipse.recommenders.models_2.5.2.v20180401-1226.jar:na]
	at org.eclipse.recommenders.models.ModelRepository.resolve(ModelRepository.java:172) [org.eclipse.recommenders.models_2.5.2.v20180401-1226.jar:na]
	at org.eclipse.recommenders.internal.models.rcp.EclipseModelRepository.resolve(EclipseModelRepository.java:168) [org.eclipse.recommenders.models.rcp_2.5.2.v20180401-1226.jar:na]
	at org.eclipse.recommenders.internal.models.rcp.DownloadModelArchiveJob.run(DownloadModelArchiveJob.java:76) [org.eclipse.recommenders.models.rcp_2.5.2.v20180401-1226.jar:na]
	at org.eclipse.core.internal.jobs.Worker.run(Worker.java:56) [org.eclipse.core.jobs_3.9.3.v20180115-1757.jar:na]
Caused by: org.eclipse.aether.transfer.ArtifactNotFoundException: Could not find artifact org.eclipse.recommenders:index:zip:0.0.0-SNAPSHOT in models (http://download.eclipse.org/recommenders/models/oxygen/)
	at org.eclipse.aether.connector.basic.ArtifactTransportListener.transferFailed(ArtifactTransportListener.java:48) ~[org.apache.maven.resolver.connector.basic_1.0.3.v20170405-0725.jar:1.0.3]
	at org.eclipse.aether.connector.basic.BasicRepositoryConnector$TaskRunner.run(BasicRepositoryConnector.java:364) ~[org.apache.maven.resolver.connector.basic_1.0.3.v20170405-0725.jar:1.0.3]
	at org.eclipse.aether.util.concurrency.RunnableErrorForwarder$1.run(RunnableErrorForwarder.java:76) ~[na:na]
	at org.eclipse.aether.connector.basic.BasicRepositoryConnector$DirectExecutor.execute(BasicRepositoryConnector.java:590) ~[org.apache.maven.resolver.connector.basic_1.0.3.v20170405-0725.jar:1.0.3]
	at org.eclipse.aether.connector.basic.BasicRepositoryConnector.get(BasicRepositoryConnector.java:258) ~[org.apache.maven.resolver.connector.basic_1.0.3.v20170405-0725.jar:1.0.3]
	at org.eclipse.aether.internal.impl.DefaultArtifactResolver.performDownloads(DefaultArtifactResolver.java:529) ~[na:na]
	at org.eclipse.aether.internal.impl.DefaultArtifactResolver.resolve(DefaultArtifactResolver.java:430) ~[na:na]
	... 8 common frames omitted
2019-11-13 09:53:21,480 [Worker-192] INFO  o.e.m.c.i.p.ProjectConfigurationManager - Collecting project info '/pom.xml' C:\Ranju\Check\pom.xml
2019-11-13 09:53:24,929 [Worker-192] INFO  o.e.m.c.i.l.LifecycleMappingFactory - Using org.eclipse.m2e.jdt.JarLifecycleMapping lifecycle mapping for MavenProject: Sdemo1:Check:0.0.1-SNAPSHOT @ C:\Ranju\Check\pom.xml.
2019-11-13 09:53:26,796 [Worker-192] INFO  o.e.m.j.i.AbstractJavaProjectConfigurator - Adding source folder /Check/src/main/java
2019-11-13 09:53:26,802 [Worker-192] INFO  o.e.m.j.i.AbstractJavaProjectConfigurator - Adding source folder /Check/src/test/java
2019-11-13 09:53:26,928 [Worker-192] INFO  o.e.m.c.i.p.ProjectConfigurationManager - Imported and configured 1 project(s) in 5 sec
2019-11-13 09:53:27,488 [Worker-186] INFO  o.e.m.c.i.embedder.EclipseLogger - Using 'UTF-8' encoding to copy filtered resources.
2019-11-13 09:53:27,489 [Worker-186] INFO  o.e.m.c.i.embedder.EclipseLogger - skip non existing resourceDirectory C:\Ranju\Check\src\main\resources
2019-11-13 09:53:27,492 [Worker-186] INFO  o.e.m.c.i.embedder.EclipseLogger - Using 'UTF-8' encoding to copy filtered resources.
2019-11-13 09:53:27,492 [Worker-186] INFO  o.e.m.c.i.embedder.EclipseLogger - skip non existing resourceDirectory C:\Ranju\Check\src\test\resources
2019-11-13 09:57:58,524 [Worker-204] INFO  o.e.m.c.i.l.LifecycleMappingFactory - Using org.eclipse.m2e.jdt.JarLifecycleMapping lifecycle mapping for MavenProject: Sdemo1:Check:0.0.1-SNAPSHOT @ C:\Ranju\Check\pom.xml.
2019-11-13 09:58:00,095 [Worker-204] INFO  o.e.m.c.i.e.AbstractTransferListenerAdapter - Downloading https://repo.maven.apache.org/maven2/org/testng/testng/7.0.0/testng-7.0.0.pom
2019-11-13 09:58:00,321 [Worker-204] INFO  o.e.m.c.i.e.AbstractTransferListenerAdapter - Downloaded https://repo.maven.apache.org/maven2/org/testng/testng/7.0.0/testng-7.0.0.pom
2019-11-13 09:58:00,571 [Worker-204] INFO  o.e.m.c.i.e.AbstractTransferListenerAdapter - Downloading https://repo.maven.apache.org/maven2/org/testng/testng/7.0.0/testng-7.0.0.jar
2019-11-13 09:58:01,981 [Worker-204] INFO  o.e.m.c.i.e.AbstractTransferListenerAdapter - Downloaded https://repo.maven.apache.org/maven2/org/testng/testng/7.0.0/testng-7.0.0.jar
2019-11-13 09:58:02,813 [Worker-204] INFO  o.e.m.c.i.embedder.EclipseLogger - Using 'UTF-8' encoding to copy filtered resources.
2019-11-13 09:58:02,814 [Worker-204] INFO  o.e.m.c.i.embedder.EclipseLogger - skip non existing resourceDirectory C:\Ranju\Check\src\main\resources
2019-11-13 09:58:02,816 [Worker-204] INFO  o.e.m.c.i.embedder.EclipseLogger - Using 'UTF-8' encoding to copy filtered resources.
2019-11-13 09:58:02,817 [Worker-204] INFO  o.e.m.c.i.embedder.EclipseLogger - skip non existing resourceDirectory C:\Ranju\Check\src\test\resources
2019-11-13 09:58:04,648 [Worker-205] INFO  o.e.m.c.i.embedder.EclipseLogger - Using 'UTF-8' encoding to copy filtered resources.
2019-11-13 09:58:04,649 [Worker-205] INFO  o.e.m.c.i.embedder.EclipseLogger - skip non existing resourceDirectory C:\Ranju\Check\src\main\resources
2019-11-13 09:58:04,651 [Worker-205] INFO  o.e.m.c.i.embedder.EclipseLogger - Using 'UTF-8' encoding to copy filtered resources.
2019-11-13 09:58:04,651 [Worker-205] INFO  o.e.m.c.i.embedder.EclipseLogger - skip non existing resourceDirectory C:\Ranju\Check\src\test\resources
2019-11-13 10:36:26,066 [Worker-210] INFO  o.e.m.c.i.embedder.EclipseLogger - Using 'UTF-8' encoding to copy filtered resources.
2019-11-13 10:36:26,067 [Worker-210] INFO  o.e.m.c.i.embedder.EclipseLogger - skip non existing resourceDirectory C:\Ranju\Check\src\main\resources
2019-11-13 10:36:26,068 [Worker-210] INFO  o.e.m.c.i.embedder.EclipseLogger - Using 'UTF-8' encoding to copy filtered resources.
2019-11-13 10:36:26,069 [Worker-210] INFO  o.e.m.c.i.embedder.EclipseLogger - skip non existing resourceDirectory C:\Ranju\Check\src\test\resources
2019-11-13 10:40:51,503 [Worker-211] INFO  o.e.m.c.i.embedder.EclipseLogger - Using 'UTF-8' encoding to copy filtered resources.
2019-11-13 10:40:51,503 [Worker-211] INFO  o.e.m.c.i.embedder.EclipseLogger - skip non existing resourceDirectory C:\Ranju\Check\src\main\resources
2019-11-13 10:40:51,505 [Worker-211] INFO  o.e.m.c.i.embedder.EclipseLogger - Using 'UTF-8' encoding to copy filtered resources.
2019-11-13 10:40:51,505 [Worker-211] INFO  o.e.m.c.i.embedder.EclipseLogger - skip non existing resourceDirectory C:\Ranju\Check\src\test\resources
2019-11-13 10:46:37,608 [Worker-210] INFO  o.e.m.c.i.embedder.EclipseLogger - Using 'UTF-8' encoding to copy filtered resources.
2019-11-13 10:46:37,609 [Worker-210] INFO  o.e.m.c.i.embedder.EclipseLogger - skip non existing resourceDirectory C:\Ranju\Check\src\main\resources
2019-11-13 10:46:37,611 [Worker-210] INFO  o.e.m.c.i.embedder.EclipseLogger - Using 'UTF-8' encoding to copy filtered resources.
2019-11-13 10:46:37,612 [Worker-210] INFO  o.e.m.c.i.embedder.EclipseLogger - skip non existing resourceDirectory C:\Ranju\Check\src\test\resources
2019-11-13 10:55:46,777 [Worker-214] INFO  o.e.m.c.i.embedder.EclipseLogger - Using 'UTF-8' encoding to copy filtered resources.
2019-11-13 10:55:46,778 [Worker-214] INFO  o.e.m.c.i.embedder.EclipseLogger - skip non existing resourceDirectory C:\Ranju\Check\src\main\resources
2019-11-13 10:55:46,781 [Worker-214] INFO  o.e.m.c.i.embedder.EclipseLogger - Using 'UTF-8' encoding to copy filtered resources.
2019-11-13 10:55:46,782 [Worker-214] INFO  o.e.m.c.i.embedder.EclipseLogger - skip non existing resourceDirectory C:\Ranju\Check\src\test\resources
2019-11-13 10:58:12,203 [Worker-218] INFO  o.e.m.c.i.embedder.EclipseLogger - Using 'UTF-8' encoding to copy filtered resources.
2019-11-13 10:58:12,204 [Worker-218] INFO  o.e.m.c.i.embedder.EclipseLogger - skip non existing resourceDirectory C:\Ranju\Check\src\main\resources
2019-11-13 10:58:12,206 [Worker-218] INFO  o.e.m.c.i.embedder.EclipseLogger - Using 'UTF-8' encoding to copy filtered resources.
2019-11-13 10:58:12,206 [Worker-218] INFO  o.e.m.c.i.embedder.EclipseLogger - skip non existing resourceDirectory C:\Ranju\Check\src\test\resources
2019-11-13 10:59:00,517 [Worker-219] INFO  o.e.m.c.i.embedder.EclipseLogger - Using 'UTF-8' encoding to copy filtered resources.
2019-11-13 10:59:00,517 [Worker-219] INFO  o.e.m.c.i.embedder.EclipseLogger - skip non existing resourceDirectory C:\Ranju\Check\src\main\resources
2019-11-13 10:59:00,520 [Worker-219] INFO  o.e.m.c.i.embedder.EclipseLogger - Using 'UTF-8' encoding to copy filtered resources.
2019-11-13 10:59:00,520 [Worker-219] INFO  o.e.m.c.i.embedder.EclipseLogger - skip non existing resourceDirectory C:\Ranju\Check\src\test\resources
2019-11-13 11:00:57,857 [Worker-217] INFO  o.e.m.c.i.embedder.EclipseLogger - Using 'UTF-8' encoding to copy filtered resources.
2019-11-13 11:00:57,857 [Worker-217] INFO  o.e.m.c.i.embedder.EclipseLogger - skip non existing resourceDirectory C:\Ranju\Check\src\main\resources
2019-11-13 11:00:57,860 [Worker-217] INFO  o.e.m.c.i.embedder.EclipseLogger - Using 'UTF-8' encoding to copy filtered resources.
2019-11-13 11:00:57,860 [Worker-217] INFO  o.e.m.c.i.embedder.EclipseLogger - skip non existing resourceDirectory C:\Ranju\Check\src\test\resources
2019-11-13 11:04:37,543 [Worker-214] INFO  o.e.m.c.i.embedder.EclipseLogger - Using 'UTF-8' encoding to copy filtered resources.
2019-11-13 11:04:37,543 [Worker-214] INFO  o.e.m.c.i.embedder.EclipseLogger - skip non existing resourceDirectory C:\Ranju\Check\src\main\resources
2019-11-13 11:04:37,546 [Worker-214] INFO  o.e.m.c.i.embedder.EclipseLogger - Using 'UTF-8' encoding to copy filtered resources.
2019-11-13 11:04:37,546 [Worker-214] INFO  o.e.m.c.i.embedder.EclipseLogger - skip non existing resourceDirectory C:\Ranju\Check\src\test\resources
2019-11-13 11:14:33,891 [Worker-215] INFO  o.e.m.c.i.embedder.EclipseLogger - Using 'UTF-8' encoding to copy filtered resources.
2019-11-13 11:14:33,891 [Worker-215] INFO  o.e.m.c.i.embedder.EclipseLogger - skip non existing resourceDirectory C:\Ranju\Check\src\main\resources
2019-11-13 11:14:33,894 [Worker-215] INFO  o.e.m.c.i.embedder.EclipseLogger - Using 'UTF-8' encoding to copy filtered resources.
2019-11-13 11:14:33,894 [Worker-215] INFO  o.e.m.c.i.embedder.EclipseLogger - skip non existing resourceDirectory C:\Ranju\Check\src\test\resources
2019-11-13 11:16:03,657 [Worker-221] INFO  o.e.m.c.i.embedder.EclipseLogger - Using 'UTF-8' encoding to copy filtered resources.
2019-11-13 11:16:03,658 [Worker-221] INFO  o.e.m.c.i.embedder.EclipseLogger - skip non existing resourceDirectory C:\Ranju\Check\src\main\resources
2019-11-13 11:16:03,660 [Worker-221] INFO  o.e.m.c.i.embedder.EclipseLogger - Using 'UTF-8' encoding to copy filtered resources.
2019-11-13 11:16:03,660 [Worker-221] INFO  o.e.m.c.i.embedder.EclipseLogger - skip non existing resourceDirectory C:\Ranju\Check\src\test\resources
2019-11-13 11:25:58,174 [Worker-210] INFO  o.e.m.c.i.embedder.EclipseLogger - Using 'UTF-8' encoding to copy filtered resources.
2019-11-13 11:25:58,175 [Worker-210] INFO  o.e.m.c.i.embedder.EclipseLogger - skip non existing resourceDirectory C:\Ranju\Check\src\main\resources
2019-11-13 11:25:58,177 [Worker-210] INFO  o.e.m.c.i.embedder.EclipseLogger - Using 'UTF-8' encoding to copy filtered resources.
2019-11-13 11:25:58,177 [Worker-210] INFO  o.e.m.c.i.embedder.EclipseLogger - skip non existing resourceDirectory C:\Ranju\Check\src\test\resources
2019-11-13 11:28:32,906 [Worker-224] INFO  o.e.m.c.i.embedder.EclipseLogger - Using 'UTF-8' encoding to copy filtered resources.
2019-11-13 11:28:32,906 [Worker-224] INFO  o.e.m.c.i.embedder.EclipseLogger - skip non existing resourceDirectory C:\Ranju\Check\src\main\resources
2019-11-13 11:28:32,908 [Worker-224] INFO  o.e.m.c.i.embedder.EclipseLogger - Using 'UTF-8' encoding to copy filtered resources.
2019-11-13 11:28:32,909 [Worker-224] INFO  o.e.m.c.i.embedder.EclipseLogger - skip non existing resourceDirectory C:\Ranju\Check\src\test\resources
2019-11-13 12:10:23,634 [Worker-232] INFO  o.e.m.c.i.embedder.EclipseLogger - Using 'UTF-8' encoding to copy filtered resources.
2019-11-13 12:10:23,635 [Worker-232] INFO  o.e.m.c.i.embedder.EclipseLogger - skip non existing resourceDirectory C:\Ranju\Check\src\main\resources
2019-11-13 12:10:23,639 [Worker-232] INFO  o.e.m.c.i.embedder.EclipseLogger - Using 'UTF-8' encoding to copy filtered resources.
2019-11-13 12:10:23,640 [Worker-232] INFO  o.e.m.c.i.embedder.EclipseLogger - skip non existing resourceDirectory C:\Ranju\Check\src\test\resources
2019-11-13 12:17:42,156 [Worker-237] INFO  o.e.m.c.i.embedder.EclipseLogger - Using 'UTF-8' encoding to copy filtered resources.
2019-11-13 12:17:42,156 [Worker-237] INFO  o.e.m.c.i.embedder.EclipseLogger - skip non existing resourceDirectory C:\Ranju\Check\src\main\resources
2019-11-13 12:17:42,158 [Worker-237] INFO  o.e.m.c.i.embedder.EclipseLogger - Using 'UTF-8' encoding to copy filtered resources.
2019-11-13 12:17:42,158 [Worker-237] INFO  o.e.m.c.i.embedder.EclipseLogger - skip non existing resourceDirectory C:\Ranju\Check\src\test\resources
2019-11-13 12:36:38,536 [Worker-244] INFO  o.e.m.c.i.embedder.EclipseLogger - Using 'UTF-8' encoding to copy filtered resources.
2019-11-13 12:36:38,536 [Worker-244] INFO  o.e.m.c.i.embedder.EclipseLogger - skip non existing resourceDirectory C:\Ranju\Check\src\main\resources
2019-11-13 12:36:38,537 [Worker-244] INFO  o.e.m.c.i.embedder.EclipseLogger - Using 'UTF-8' encoding to copy filtered resources.
2019-11-13 12:36:38,537 [Worker-244] INFO  o.e.m.c.i.embedder.EclipseLogger - skip non existing resourceDirectory C:\Ranju\Check\src\test\resources
2019-11-13 12:38:17,397 [Worker-246] INFO  o.e.m.c.i.embedder.EclipseLogger - Using 'UTF-8' encoding to copy filtered resources.
2019-11-13 12:38:17,397 [Worker-246] INFO  o.e.m.c.i.embedder.EclipseLogger - skip non existing resourceDirectory C:\Ranju\Check\src\main\resources
2019-11-13 12:38:17,398 [Worker-246] INFO  o.e.m.c.i.embedder.EclipseLogger - Using 'UTF-8' encoding to copy filtered resources.
2019-11-13 12:38:17,398 [Worker-246] INFO  o.e.m.c.i.embedder.EclipseLogger - skip non existing resourceDirectory C:\Ranju\Check\src\test\resources
2019-11-13 12:45:02,574 [Worker-242] INFO  o.e.m.c.i.embedder.EclipseLogger - Using 'UTF-8' encoding to copy filtered resources.
2019-11-13 12:45:02,574 [Worker-242] INFO  o.e.m.c.i.embedder.EclipseLogger - skip non existing resourceDirectory C:\Ranju\Check\src\main\resources
2019-11-13 12:45:02,576 [Worker-242] INFO  o.e.m.c.i.embedder.EclipseLogger - Using 'UTF-8' encoding to copy filtered resources.
2019-11-13 12:45:02,576 [Worker-242] INFO  o.e.m.c.i.embedder.EclipseLogger - skip non existing resourceDirectory C:\Ranju\Check\src\test\resources
2019-11-13 12:48:19,920 [Worker-246] INFO  o.e.m.c.i.e.AbstractTransferListenerAdapter - Downloading https://repo.maven.apache.org/maven2/org/testng/testng/7.0.0/testng-7.0.0-sources.jar
2019-11-13 12:48:21,083 [Worker-246] INFO  o.e.m.c.i.e.AbstractTransferListenerAdapter - Downloaded https://repo.maven.apache.org/maven2/org/testng/testng/7.0.0/testng-7.0.0-sources.jar
2019-11-13 12:48:21,483 [Worker-246] INFO  o.e.m.j.internal.DownloadSourcesJob - Downloaded sources for org.testng:testng:7.0.0
2019-11-13 12:48:21,889 [Worker-247] INFO  o.e.m.c.i.embedder.EclipseLogger - Using 'UTF-8' encoding to copy filtered resources.
2019-11-13 12:48:21,890 [Worker-247] INFO  o.e.m.c.i.embedder.EclipseLogger - skip non existing resourceDirectory C:\Ranju\Check\src\main\resources
2019-11-13 12:48:21,892 [Worker-247] INFO  o.e.m.c.i.embedder.EclipseLogger - Using 'UTF-8' encoding to copy filtered resources.
2019-11-13 12:48:21,892 [Worker-247] INFO  o.e.m.c.i.embedder.EclipseLogger - skip non existing resourceDirectory C:\Ranju\Check\src\test\resources
2019-11-13 13:04:47,851 [Worker-251] INFO  o.e.m.c.i.embedder.EclipseLogger - Using 'UTF-8' encoding to copy filtered resources.
2019-11-13 13:04:47,852 [Worker-251] INFO  o.e.m.c.i.embedder.EclipseLogger - skip non existing resourceDirectory C:\Ranju\Check\src\main\resources
2019-11-13 13:04:47,853 [Worker-251] INFO  o.e.m.c.i.embedder.EclipseLogger - Using 'UTF-8' encoding to copy filtered resources.
2019-11-13 13:04:47,853 [Worker-251] INFO  o.e.m.c.i.embedder.EclipseLogger - skip non existing resourceDirectory C:\Ranju\Check\src\test\resources
2019-11-13 15:57:13,144 [Worker-273] INFO  o.e.m.c.i.embedder.EclipseLogger - Using 'UTF-8' encoding to copy filtered resources.
2019-11-13 15:57:13,145 [Worker-273] INFO  o.e.m.c.i.embedder.EclipseLogger - skip non existing resourceDirectory C:\Ranju\Check\src\main\resources
2019-11-13 15:57:13,146 [Worker-273] INFO  o.e.m.c.i.embedder.EclipseLogger - Using 'UTF-8' encoding to copy filtered resources.
2019-11-13 15:57:13,147 [Worker-273] INFO  o.e.m.c.i.embedder.EclipseLogger - skip non existing resourceDirectory C:\Ranju\Check\src\test\resources
2019-11-13 15:59:24,435 [Worker-270] INFO  o.e.m.c.i.embedder.EclipseLogger - Using 'UTF-8' encoding to copy filtered resources.
2019-11-13 15:59:24,435 [Worker-270] INFO  o.e.m.c.i.embedder.EclipseLogger - skip non existing resourceDirectory C:\Ranju\Check\src\main\resources
2019-11-13 15:59:24,436 [Worker-270] INFO  o.e.m.c.i.embedder.EclipseLogger - Using 'UTF-8' encoding to copy filtered resources.
2019-11-13 15:59:24,436 [Worker-270] INFO  o.e.m.c.i.embedder.EclipseLogger - skip non existing resourceDirectory C:\Ranju\Check\src\test\resources
2019-11-13 16:00:09,696 [Worker-271] INFO  o.e.m.c.i.embedder.EclipseLogger - Using 'UTF-8' encoding to copy filtered resources.
2019-11-13 16:00:09,698 [Worker-271] INFO  o.e.m.c.i.embedder.EclipseLogger - skip non existing resourceDirectory C:\Ranju\Check\src\main\resources
2019-11-13 16:00:09,701 [Worker-271] INFO  o.e.m.c.i.embedder.EclipseLogger - Using 'UTF-8' encoding to copy filtered resources.
2019-11-13 16:00:09,702 [Worker-271] INFO  o.e.m.c.i.embedder.EclipseLogger - skip non existing resourceDirectory C:\Ranju\Check\src\test\resources
2019-11-13 16:01:30,410 [Worker-269] INFO  o.e.m.c.i.embedder.EclipseLogger - Using 'UTF-8' encoding to copy filtered resources.
2019-11-13 16:01:30,411 [Worker-269] INFO  o.e.m.c.i.embedder.EclipseLogger - skip non existing resourceDirectory C:\Ranju\Check\src\main\resources
2019-11-13 16:01:30,412 [Worker-269] INFO  o.e.m.c.i.embedder.EclipseLogger - Using 'UTF-8' encoding to copy filtered resources.
2019-11-13 16:01:30,412 [Worker-269] INFO  o.e.m.c.i.embedder.EclipseLogger - skip non existing resourceDirectory C:\Ranju\Check\src\test\resources
2019-11-13 16:03:43,546 [Worker-269] INFO  o.e.m.c.i.embedder.EclipseLogger - Using 'UTF-8' encoding to copy filtered resources.
2019-11-13 16:03:43,547 [Worker-269] INFO  o.e.m.c.i.embedder.EclipseLogger - skip non existing resourceDirectory C:\Ranju\Check\src\main\resources
2019-11-13 16:03:43,548 [Worker-269] INFO  o.e.m.c.i.embedder.EclipseLogger - Using 'UTF-8' encoding to copy filtered resources.
2019-11-13 16:03:43,548 [Worker-269] INFO  o.e.m.c.i.embedder.EclipseLogger - skip non existing resourceDirectory C:\Ranju\Check\src\test\resources
2019-11-13 16:06:45,065 [Worker-269] INFO  o.e.m.c.i.embedder.EclipseLogger - Using 'UTF-8' encoding to copy filtered resources.
2019-11-13 16:06:45,065 [Worker-269] INFO  o.e.m.c.i.embedder.EclipseLogger - skip non existing resourceDirectory C:\Ranju\Check\src\main\resources
2019-11-13 16:06:45,067 [Worker-269] INFO  o.e.m.c.i.embedder.EclipseLogger - Using 'UTF-8' encoding to copy filtered resources.
2019-11-13 16:06:45,068 [Worker-269] INFO  o.e.m.c.i.embedder.EclipseLogger - skip non existing resourceDirectory C:\Ranju\Check\src\test\resources
2019-11-13 16:24:22,326 [Worker-278] INFO  o.e.m.c.i.embedder.EclipseLogger - Using 'UTF-8' encoding to copy filtered resources.
2019-11-13 16:24:22,327 [Worker-278] INFO  o.e.m.c.i.embedder.EclipseLogger - skip non existing resourceDirectory C:\Ranju\Check\src\main\resources
2019-11-13 16:24:22,328 [Worker-278] INFO  o.e.m.c.i.embedder.EclipseLogger - Using 'UTF-8' encoding to copy filtered resources.
2019-11-13 16:24:22,328 [Worker-278] INFO  o.e.m.c.i.embedder.EclipseLogger - skip non existing resourceDirectory C:\Ranju\Check\src\test\resources
2019-11-13 16:39:18,053 [Worker-280] INFO  o.e.m.c.i.embedder.EclipseLogger - Using 'UTF-8' encoding to copy filtered resources.
2019-11-13 16:39:18,053 [Worker-280] INFO  o.e.m.c.i.embedder.EclipseLogger - skip non existing resourceDirectory C:\Ranju\Check\src\main\resources
2019-11-13 16:39:18,054 [Worker-280] INFO  o.e.m.c.i.embedder.EclipseLogger - Using 'UTF-8' encoding to copy filtered resources.
2019-11-13 16:39:18,054 [Worker-280] INFO  o.e.m.c.i.embedder.EclipseLogger - skip non existing resourceDirectory C:\Ranju\Check\src\test\resources
2019-11-13 17:17:49,723 [Worker-280] INFO  o.e.m.c.i.embedder.EclipseLogger - Using 'UTF-8' encoding to copy filtered resources.
2019-11-13 17:17:49,723 [Worker-280] INFO  o.e.m.c.i.embedder.EclipseLogger - skip non existing resourceDirectory C:\Ranju\Check\src\main\resources
2019-11-13 17:17:49,724 [Worker-280] INFO  o.e.m.c.i.embedder.EclipseLogger - Using 'UTF-8' encoding to copy filtered resources.
2019-11-13 17:17:49,725 [Worker-280] INFO  o.e.m.c.i.embedder.EclipseLogger - skip non existing resourceDirectory C:\Ranju\Check\src\test\resources
2019-11-13 17:21:01,545 [Worker-287] INFO  o.e.m.c.i.embedder.EclipseLogger - Using 'UTF-8' encoding to copy filtered resources.
2019-11-13 17:21:01,545 [Worker-287] INFO  o.e.m.c.i.embedder.EclipseLogger - skip non existing resourceDirectory C:\Ranju\Check\src\main\resources
2019-11-13 17:21:01,546 [Worker-287] INFO  o.e.m.c.i.embedder.EclipseLogger - Using 'UTF-8' encoding to copy filtered resources.
2019-11-13 17:21:01,547 [Worker-287] INFO  o.e.m.c.i.embedder.EclipseLogger - skip non existing resourceDirectory C:\Ranju\Check\src\test\resources
2019-11-13 17:25:15,754 [Worker-291] INFO  o.e.m.c.i.embedder.EclipseLogger - Using 'UTF-8' encoding to copy filtered resources.
2019-11-13 17:25:15,755 [Worker-291] INFO  o.e.m.c.i.embedder.EclipseLogger - skip non existing resourceDirectory C:\Ranju\Check\src\main\resources
2019-11-13 17:25:15,756 [Worker-291] INFO  o.e.m.c.i.embedder.EclipseLogger - Using 'UTF-8' encoding to copy filtered resources.
2019-11-13 17:25:15,757 [Worker-291] INFO  o.e.m.c.i.embedder.EclipseLogger - skip non existing resourceDirectory C:\Ranju\Check\src\test\resources
2019-11-13 17:37:11,439 [Worker-291] INFO  o.e.m.c.i.embedder.EclipseLogger - Using 'UTF-8' encoding to copy filtered resources.
2019-11-13 17:37:11,440 [Worker-291] INFO  o.e.m.c.i.embedder.EclipseLogger - skip non existing resourceDirectory C:\Ranju\Check\src\main\resources
2019-11-13 17:37:11,441 [Worker-291] INFO  o.e.m.c.i.embedder.EclipseLogger - Using 'UTF-8' encoding to copy filtered resources.
2019-11-13 17:37:11,441 [Worker-291] INFO  o.e.m.c.i.embedder.EclipseLogger - skip non existing resourceDirectory C:\Ranju\Check\src\test\resources
2019-11-13 17:42:38,275 [Worker-268] INFO  o.e.m.c.i.embedder.EclipseLogger - Using 'UTF-8' encoding to copy filtered resources.
2019-11-13 17:42:38,276 [Worker-268] INFO  o.e.m.c.i.embedder.EclipseLogger - skip non existing resourceDirectory C:\Ranju\Check\src\main\resources
2019-11-13 17:42:38,277 [Worker-268] INFO  o.e.m.c.i.embedder.EclipseLogger - Using 'UTF-8' encoding to copy filtered resources.
2019-11-13 17:42:38,277 [Worker-268] INFO  o.e.m.c.i.embedder.EclipseLogger - skip non existing resourceDirectory C:\Ranju\Check\src\test\resources
2019-11-13 17:58:05,229 [Worker-291] INFO  o.e.m.c.i.embedder.EclipseLogger - Using 'UTF-8' encoding to copy filtered resources.
2019-11-13 17:58:05,230 [Worker-291] INFO  o.e.m.c.i.embedder.EclipseLogger - skip non existing resourceDirectory C:\Ranju\Check\src\main\resources
2019-11-13 17:58:05,231 [Worker-291] INFO  o.e.m.c.i.embedder.EclipseLogger - Using 'UTF-8' encoding to copy filtered resources.
2019-11-13 17:58:05,231 [Worker-291] INFO  o.e.m.c.i.embedder.EclipseLogger - skip non existing resourceDirectory C:\Ranju\Check\src\test\resources
2019-11-13 17:58:27,592 [Worker-289] INFO  o.e.m.c.i.embedder.EclipseLogger - Using 'UTF-8' encoding to copy filtered resources.
2019-11-13 17:58:27,593 [Worker-289] INFO  o.e.m.c.i.embedder.EclipseLogger - skip non existing resourceDirectory C:\Ranju\Check\src\main\resources
2019-11-13 17:58:27,593 [Worker-289] INFO  o.e.m.c.i.embedder.EclipseLogger - Using 'UTF-8' encoding to copy filtered resources.
2019-11-13 17:58:27,594 [Worker-289] INFO  o.e.m.c.i.embedder.EclipseLogger - skip non existing resourceDirectory C:\Ranju\Check\src\test\resources
2019-11-13 17:58:44,268 [Worker-293] INFO  o.e.m.c.i.embedder.EclipseLogger - Using 'UTF-8' encoding to copy filtered resources.
2019-11-13 17:58:44,268 [Worker-293] INFO  o.e.m.c.i.embedder.EclipseLogger - skip non existing resourceDirectory C:\Ranju\Check\src\main\resources
2019-11-13 17:58:44,269 [Worker-293] INFO  o.e.m.c.i.embedder.EclipseLogger - Using 'UTF-8' encoding to copy filtered resources.
2019-11-13 17:58:44,269 [Worker-293] INFO  o.e.m.c.i.embedder.EclipseLogger - skip non existing resourceDirectory C:\Ranju\Check\src\test\resources
2019-11-13 17:58:58,761 [Worker-291] INFO  o.e.m.c.i.p.ProjectConfigurationManager - Update started
2019-11-13 17:59:02,350 [Worker-291] INFO  o.e.m.c.i.l.LifecycleMappingFactory - Using org.eclipse.m2e.jdt.JarLifecycleMapping lifecycle mapping for MavenProject: Sdemo1:Check:0.0.1-SNAPSHOT @ C:\Ranju\Check\pom.xml.
2019-11-13 17:59:03,393 [Worker-291] INFO  o.e.m.j.i.AbstractJavaProjectConfigurator - Adding source folder /Check/src/main/java
2019-11-13 17:59:03,394 [Worker-291] INFO  o.e.m.j.i.AbstractJavaProjectConfigurator - Adding source folder /Check/src/test/java
2019-11-13 17:59:03,731 [Worker-291] INFO  o.e.m.c.i.p.ProjectConfigurationManager - Update completed: 4 sec
2019-11-13 17:59:04,127 [Worker-295] INFO  o.e.m.c.i.embedder.EclipseLogger - Using 'UTF-8' encoding to copy filtered resources.
2019-11-13 17:59:04,127 [Worker-295] INFO  o.e.m.c.i.embedder.EclipseLogger - skip non existing resourceDirectory C:\Ranju\Check\src\main\resources
2019-11-13 17:59:04,130 [Worker-295] INFO  o.e.m.c.i.embedder.EclipseLogger - Using 'UTF-8' encoding to copy filtered resources.
2019-11-13 17:59:04,130 [Worker-295] INFO  o.e.m.c.i.embedder.EclipseLogger - skip non existing resourceDirectory C:\Ranju\Check\src\test\resources
2019-11-13 17:59:26,045 [Worker-268] INFO  o.e.m.c.i.embedder.EclipseLogger - Using 'UTF-8' encoding to copy filtered resources.
2019-11-13 17:59:26,045 [Worker-268] INFO  o.e.m.c.i.embedder.EclipseLogger - skip non existing resourceDirectory C:\Ranju\Check\src\main\resources
2019-11-13 17:59:26,046 [Worker-268] INFO  o.e.m.c.i.embedder.EclipseLogger - Using 'UTF-8' encoding to copy filtered resources.
2019-11-13 17:59:26,046 [Worker-268] INFO  o.e.m.c.i.embedder.EclipseLogger - skip non existing resourceDirectory C:\Ranju\Check\src\test\resources
2019-11-13 17:59:50,898 [Worker-268] INFO  o.e.m.c.i.embedder.EclipseLogger - Using 'UTF-8' encoding to copy filtered resources.
2019-11-13 17:59:50,898 [Worker-268] INFO  o.e.m.c.i.embedder.EclipseLogger - skip non existing resourceDirectory C:\Ranju\Check\src\main\resources
2019-11-13 17:59:50,900 [Worker-268] INFO  o.e.m.c.i.embedder.EclipseLogger - Using 'UTF-8' encoding to copy filtered resources.
2019-11-13 17:59:50,900 [Worker-268] INFO  o.e.m.c.i.embedder.EclipseLogger - skip non existing resourceDirectory C:\Ranju\Check\src\test\resources
2019-11-13 18:00:23,590 [Worker-291] INFO  o.e.m.c.i.embedder.EclipseLogger - Using 'UTF-8' encoding to copy filtered resources.
2019-11-13 18:00:23,590 [Worker-291] INFO  o.e.m.c.i.embedder.EclipseLogger - skip non existing resourceDirectory C:\Ranju\Check\src\main\resources
2019-11-13 18:00:23,591 [Worker-291] INFO  o.e.m.c.i.embedder.EclipseLogger - Using 'UTF-8' encoding to copy filtered resources.
2019-11-13 18:00:23,592 [Worker-291] INFO  o.e.m.c.i.embedder.EclipseLogger - skip non existing resourceDirectory C:\Ranju\Check\src\test\resources
2019-11-13 18:02:26,558 [Worker-296] INFO  o.e.m.c.i.embedder.EclipseLogger - Using 'UTF-8' encoding to copy filtered resources.
2019-11-13 18:02:26,558 [Worker-296] INFO  o.e.m.c.i.embedder.EclipseLogger - skip non existing resourceDirectory C:\Ranju\Check\src\main\resources
2019-11-13 18:02:26,559 [Worker-296] INFO  o.e.m.c.i.embedder.EclipseLogger - Using 'UTF-8' encoding to copy filtered resources.
2019-11-13 18:02:26,559 [Worker-296] INFO  o.e.m.c.i.embedder.EclipseLogger - skip non existing resourceDirectory C:\Ranju\Check\src\test\resources
2019-11-13 18:03:11,578 [Worker-296] INFO  o.e.m.c.i.embedder.EclipseLogger - Using 'UTF-8' encoding to copy filtered resources.
2019-11-13 18:03:11,579 [Worker-296] INFO  o.e.m.c.i.embedder.EclipseLogger - skip non existing resourceDirectory C:\Ranju\Check\src\main\resources
2019-11-13 18:03:11,579 [Worker-296] INFO  o.e.m.c.i.embedder.EclipseLogger - Using 'UTF-8' encoding to copy filtered resources.
2019-11-13 18:03:11,580 [Worker-296] INFO  o.e.m.c.i.embedder.EclipseLogger - skip non existing resourceDirectory C:\Ranju\Check\src\test\resources
2019-11-14 09:19:06,338 [Worker-324] INFO  o.e.m.c.i.embedder.EclipseLogger - Using 'UTF-8' encoding to copy filtered resources.
2019-11-14 09:19:06,338 [Worker-324] INFO  o.e.m.c.i.embedder.EclipseLogger - skip non existing resourceDirectory C:\Ranju\Check\src\main\resources
2019-11-14 09:19:06,338 [Worker-324] INFO  o.e.m.c.i.embedder.EclipseLogger - Using 'UTF-8' encoding to copy filtered resources.
2019-11-14 09:19:06,338 [Worker-324] INFO  o.e.m.c.i.embedder.EclipseLogger - skip non existing resourceDirectory C:\Ranju\Check\src\test\resources
2019-11-14 09:21:56,526 [Worker-321] INFO  o.e.m.c.i.embedder.EclipseLogger - Using 'UTF-8' encoding to copy filtered resources.
2019-11-14 09:21:56,526 [Worker-321] INFO  o.e.m.c.i.embedder.EclipseLogger - skip non existing resourceDirectory C:\Ranju\Check\src\main\resources
2019-11-14 09:21:56,526 [Worker-321] INFO  o.e.m.c.i.embedder.EclipseLogger - Using 'UTF-8' encoding to copy filtered resources.
2019-11-14 09:21:56,526 [Worker-321] INFO  o.e.m.c.i.embedder.EclipseLogger - skip non existing resourceDirectory C:\Ranju\Check\src\test\resources
2019-11-14 09:32:52,712 [Worker-321] INFO  o.e.m.c.i.p.ProjectConfigurationManager - Collecting project info '/pom.xml' C:\Ranju\sm2\pom.xml
2019-11-14 09:32:53,092 [Worker-321] INFO  o.e.m.c.i.l.LifecycleMappingFactory - Using org.eclipse.m2e.jdt.JarLifecycleMapping lifecycle mapping for MavenProject: S2:sm2:0.0.1-SNAPSHOT @ C:\Ranju\sm2\pom.xml.
2019-11-14 09:32:53,373 [Worker-321] INFO  o.e.m.j.i.AbstractJavaProjectConfigurator - Adding source folder /sm2/src/main/java
2019-11-14 09:32:53,373 [Worker-321] INFO  o.e.m.j.i.AbstractJavaProjectConfigurator - Adding source folder /sm2/src/test/java
2019-11-14 09:32:53,467 [Worker-321] INFO  o.e.m.c.i.p.ProjectConfigurationManager - Imported and configured 1 project(s) in 0 sec
2019-11-14 09:32:53,771 [Worker-327] INFO  o.e.m.c.i.embedder.EclipseLogger - Using 'UTF-8' encoding to copy filtered resources.
2019-11-14 09:32:53,771 [Worker-327] INFO  o.e.m.c.i.embedder.EclipseLogger - skip non existing resourceDirectory C:\Ranju\sm2\src\main\resources
2019-11-14 09:32:53,771 [Worker-327] INFO  o.e.m.c.i.embedder.EclipseLogger - Using 'UTF-8' encoding to copy filtered resources.
2019-11-14 09:32:53,771 [Worker-327] INFO  o.e.m.c.i.embedder.EclipseLogger - skip non existing resourceDirectory C:\Ranju\sm2\src\test\resources
2019-11-14 09:35:59,286 [Worker-327] INFO  o.e.m.c.i.embedder.EclipseLogger - Using 'UTF-8' encoding to copy filtered resources.
2019-11-14 09:35:59,286 [Worker-327] INFO  o.e.m.c.i.embedder.EclipseLogger - skip non existing resourceDirectory C:\Ranju\sm2\src\main\resources
2019-11-14 09:35:59,287 [Worker-327] INFO  o.e.m.c.i.embedder.EclipseLogger - Using 'UTF-8' encoding to copy filtered resources.
2019-11-14 09:35:59,288 [Worker-327] INFO  o.e.m.c.i.embedder.EclipseLogger - skip non existing resourceDirectory C:\Ranju\sm2\src\test\resources
2019-11-14 09:39:38,936 [Worker-328] INFO  o.e.m.c.i.embedder.EclipseLogger - Using 'UTF-8' encoding to copy filtered resources.
2019-11-14 09:39:38,936 [Worker-328] INFO  o.e.m.c.i.embedder.EclipseLogger - skip non existing resourceDirectory C:\Ranju\Check\src\main\resources
2019-11-14 09:39:38,937 [Worker-328] INFO  o.e.m.c.i.embedder.EclipseLogger - Using 'UTF-8' encoding to copy filtered resources.
2019-11-14 09:39:38,938 [Worker-328] INFO  o.e.m.c.i.embedder.EclipseLogger - skip non existing resourceDirectory C:\Ranju\Check\src\test\resources
2019-11-14 09:39:49,221 [Worker-328] INFO  o.e.m.c.i.embedder.EclipseLogger - Using 'UTF-8' encoding to copy filtered resources.
2019-11-14 09:39:49,221 [Worker-328] INFO  o.e.m.c.i.embedder.EclipseLogger - skip non existing resourceDirectory C:\Ranju\Check\src\main\resources
2019-11-14 09:39:49,221 [Worker-328] INFO  o.e.m.c.i.embedder.EclipseLogger - Using 'UTF-8' encoding to copy filtered resources.
2019-11-14 09:39:49,221 [Worker-328] INFO  o.e.m.c.i.embedder.EclipseLogger - skip non existing resourceDirectory C:\Ranju\Check\src\test\resources
2019-11-14 09:40:07,694 [Worker-327] INFO  o.e.m.c.i.embedder.EclipseLogger - Using 'UTF-8' encoding to copy filtered resources.
2019-11-14 09:40:07,694 [Worker-327] INFO  o.e.m.c.i.embedder.EclipseLogger - skip non existing resourceDirectory C:\Ranju\Check\src\main\resources
2019-11-14 09:40:07,694 [Worker-327] INFO  o.e.m.c.i.embedder.EclipseLogger - Using 'UTF-8' encoding to copy filtered resources.
2019-11-14 09:40:07,694 [Worker-327] INFO  o.e.m.c.i.embedder.EclipseLogger - skip non existing resourceDirectory C:\Ranju\Check\src\test\resources
2019-11-14 09:40:17,685 [Worker-331] INFO  o.e.m.c.i.embedder.EclipseLogger - Using 'UTF-8' encoding to copy filtered resources.
2019-11-14 09:40:17,685 [Worker-331] INFO  o.e.m.c.i.embedder.EclipseLogger - skip non existing resourceDirectory C:\Ranju\Check\src\main\resources
2019-11-14 09:40:17,685 [Worker-331] INFO  o.e.m.c.i.embedder.EclipseLogger - Using 'UTF-8' encoding to copy filtered resources.
2019-11-14 09:40:17,685 [Worker-331] INFO  o.e.m.c.i.embedder.EclipseLogger - skip non existing resourceDirectory C:\Ranju\Check\src\test\resources
2019-11-14 09:41:48,384 [Worker-328] INFO  o.e.m.c.i.embedder.EclipseLogger - Using 'UTF-8' encoding to copy filtered resources.
2019-11-14 09:41:48,384 [Worker-328] INFO  o.e.m.c.i.embedder.EclipseLogger - skip non existing resourceDirectory C:\Ranju\Check\src\main\resources
2019-11-14 09:41:48,384 [Worker-328] INFO  o.e.m.c.i.embedder.EclipseLogger - Using 'UTF-8' encoding to copy filtered resources.
2019-11-14 09:41:48,384 [Worker-328] INFO  o.e.m.c.i.embedder.EclipseLogger - skip non existing resourceDirectory C:\Ranju\Check\src\test\resources
2019-11-14 09:42:04,309 [Worker-327] INFO  o.e.m.c.i.embedder.EclipseLogger - Using 'UTF-8' encoding to copy filtered resources.
2019-11-14 09:42:04,309 [Worker-327] INFO  o.e.m.c.i.embedder.EclipseLogger - skip non existing resourceDirectory C:\Ranju\Check\src\main\resources
2019-11-14 09:42:04,309 [Worker-327] INFO  o.e.m.c.i.embedder.EclipseLogger - Using 'UTF-8' encoding to copy filtered resources.
2019-11-14 09:42:04,309 [Worker-327] INFO  o.e.m.c.i.embedder.EclipseLogger - skip non existing resourceDirectory C:\Ranju\Check\src\test\resources
2019-11-14 09:42:47,676 [Worker-334] INFO  o.e.m.c.i.embedder.EclipseLogger - Using 'UTF-8' encoding to copy filtered resources.
2019-11-14 09:42:47,676 [Worker-334] INFO  o.e.m.c.i.embedder.EclipseLogger - skip non existing resourceDirectory C:\Ranju\Check\src\main\resources
2019-11-14 09:42:47,678 [Worker-334] INFO  o.e.m.c.i.embedder.EclipseLogger - Using 'UTF-8' encoding to copy filtered resources.
2019-11-14 09:42:47,678 [Worker-334] INFO  o.e.m.c.i.embedder.EclipseLogger - skip non existing resourceDirectory C:\Ranju\Check\src\test\resources
2019-11-14 09:43:15,041 [Worker-328] INFO  o.e.m.c.i.embedder.EclipseLogger - Using 'UTF-8' encoding to copy filtered resources.
2019-11-14 09:43:15,041 [Worker-328] INFO  o.e.m.c.i.embedder.EclipseLogger - skip non existing resourceDirectory C:\Ranju\Check\src\main\resources
2019-11-14 09:43:15,057 [Worker-328] INFO  o.e.m.c.i.embedder.EclipseLogger - Using 'UTF-8' encoding to copy filtered resources.
2019-11-14 09:43:15,057 [Worker-328] INFO  o.e.m.c.i.embedder.EclipseLogger - skip non existing resourceDirectory C:\Ranju\Check\src\test\resources
2019-11-14 09:43:25,661 [Worker-331] INFO  o.e.m.c.i.embedder.EclipseLogger - Using 'UTF-8' encoding to copy filtered resources.
2019-11-14 09:43:25,661 [Worker-331] INFO  o.e.m.c.i.embedder.EclipseLogger - skip non existing resourceDirectory C:\Ranju\Check\src\main\resources
2019-11-14 09:43:25,661 [Worker-331] INFO  o.e.m.c.i.embedder.EclipseLogger - Using 'UTF-8' encoding to copy filtered resources.
2019-11-14 09:43:25,661 [Worker-331] INFO  o.e.m.c.i.embedder.EclipseLogger - skip non existing resourceDirectory C:\Ranju\Check\src\test\resources
2019-11-14 09:43:31,343 [Worker-327] INFO  o.e.m.c.i.embedder.EclipseLogger - Using 'UTF-8' encoding to copy filtered resources.
2019-11-14 09:43:31,343 [Worker-327] INFO  o.e.m.c.i.embedder.EclipseLogger - skip non existing resourceDirectory C:\Ranju\Check\src\main\resources
2019-11-14 09:43:31,343 [Worker-327] INFO  o.e.m.c.i.embedder.EclipseLogger - Using 'UTF-8' encoding to copy filtered resources.
2019-11-14 09:43:31,343 [Worker-327] INFO  o.e.m.c.i.embedder.EclipseLogger - skip non existing resourceDirectory C:\Ranju\Check\src\test\resources
2019-11-14 09:43:49,215 [Worker-327] INFO  o.e.m.c.i.embedder.EclipseLogger - Using 'UTF-8' encoding to copy filtered resources.
2019-11-14 09:43:49,215 [Worker-327] INFO  o.e.m.c.i.embedder.EclipseLogger - skip non existing resourceDirectory C:\Ranju\Check\src\main\resources
2019-11-14 09:43:49,215 [Worker-327] INFO  o.e.m.c.i.embedder.EclipseLogger - Using 'UTF-8' encoding to copy filtered resources.
2019-11-14 09:43:49,215 [Worker-327] INFO  o.e.m.c.i.embedder.EclipseLogger - skip non existing resourceDirectory C:\Ranju\Check\src\test\resources
2019-11-14 09:44:35,362 [Worker-336] INFO  o.e.m.c.i.embedder.EclipseLogger - Using 'UTF-8' encoding to copy filtered resources.
2019-11-14 09:44:35,362 [Worker-336] INFO  o.e.m.c.i.embedder.EclipseLogger - skip non existing resourceDirectory C:\Ranju\Check\src\main\resources
2019-11-14 09:44:35,362 [Worker-336] INFO  o.e.m.c.i.embedder.EclipseLogger - Using 'UTF-8' encoding to copy filtered resources.
2019-11-14 09:44:35,362 [Worker-336] INFO  o.e.m.c.i.embedder.EclipseLogger - skip non existing resourceDirectory C:\Ranju\Check\src\test\resources
2019-11-14 09:45:52,202 [Worker-334] INFO  o.e.m.c.i.embedder.EclipseLogger - Using 'UTF-8' encoding to copy filtered resources.
2019-11-14 09:45:52,202 [Worker-334] INFO  o.e.m.c.i.embedder.EclipseLogger - skip non existing resourceDirectory C:\Ranju\Check\src\main\resources
2019-11-14 09:45:52,202 [Worker-334] INFO  o.e.m.c.i.embedder.EclipseLogger - Using 'UTF-8' encoding to copy filtered resources.
2019-11-14 09:45:52,217 [Worker-334] INFO  o.e.m.c.i.embedder.EclipseLogger - skip non existing resourceDirectory C:\Ranju\Check\src\test\resources
2019-11-14 09:47:44,451 [Worker-336] INFO  o.e.m.c.i.embedder.EclipseLogger - Using 'UTF-8' encoding to copy filtered resources.
2019-11-14 09:47:44,451 [Worker-336] INFO  o.e.m.c.i.embedder.EclipseLogger - skip non existing resourceDirectory C:\Ranju\Check\src\main\resources
2019-11-14 09:47:44,452 [Worker-336] INFO  o.e.m.c.i.embedder.EclipseLogger - Using 'UTF-8' encoding to copy filtered resources.
2019-11-14 09:47:44,452 [Worker-336] INFO  o.e.m.c.i.embedder.EclipseLogger - skip non existing resourceDirectory C:\Ranju\Check\src\test\resources
2019-11-14 09:48:34,807 [Worker-335] INFO  o.e.m.c.i.e.AbstractTransferListenerAdapter - Downloading https://repo.maven.apache.org/maven2/org/seleniumhq/selenium/selenium-api/3.141.59/selenium-api-3.141.59-sources.jar
2019-11-14 09:48:35,523 [Worker-335] INFO  o.e.m.c.i.e.AbstractTransferListenerAdapter - Downloaded https://repo.maven.apache.org/maven2/org/seleniumhq/selenium/selenium-api/3.141.59/selenium-api-3.141.59-sources.jar
2019-11-14 09:48:35,689 [Worker-335] INFO  o.e.m.j.internal.DownloadSourcesJob - Downloaded sources for org.seleniumhq.selenium:selenium-api:3.141.59
2019-11-14 09:48:36,049 [Worker-327] INFO  o.e.m.c.i.embedder.EclipseLogger - Using 'UTF-8' encoding to copy filtered resources.
2019-11-14 09:48:36,049 [Worker-327] INFO  o.e.m.c.i.embedder.EclipseLogger - skip non existing resourceDirectory C:\Ranju\Check\src\main\resources
2019-11-14 09:48:36,051 [Worker-327] INFO  o.e.m.c.i.embedder.EclipseLogger - Using 'UTF-8' encoding to copy filtered resources.
2019-11-14 09:48:36,051 [Worker-327] INFO  o.e.m.c.i.embedder.EclipseLogger - skip non existing resourceDirectory C:\Ranju\Check\src\test\resources
2019-11-14 09:51:36,822 [Worker-331] INFO  o.e.m.c.i.embedder.EclipseLogger - Using 'UTF-8' encoding to copy filtered resources.
2019-11-14 09:51:36,822 [Worker-331] INFO  o.e.m.c.i.embedder.EclipseLogger - skip non existing resourceDirectory C:\Ranju\Check\src\main\resources
2019-11-14 09:51:36,822 [Worker-331] INFO  o.e.m.c.i.embedder.EclipseLogger - Using 'UTF-8' encoding to copy filtered resources.
2019-11-14 09:51:36,822 [Worker-331] INFO  o.e.m.c.i.embedder.EclipseLogger - skip non existing resourceDirectory C:\Ranju\Check\src\test\resources
2019-11-14 09:55:49,892 [Worker-331] INFO  o.e.m.c.i.embedder.EclipseLogger - Using 'UTF-8' encoding to copy filtered resources.
2019-11-14 09:55:49,892 [Worker-331] INFO  o.e.m.c.i.embedder.EclipseLogger - skip non existing resourceDirectory C:\Ranju\Check\src\main\resources
2019-11-14 09:55:49,892 [Worker-331] INFO  o.e.m.c.i.embedder.EclipseLogger - Using 'UTF-8' encoding to copy filtered resources.
2019-11-14 09:55:49,892 [Worker-331] INFO  o.e.m.c.i.embedder.EclipseLogger - skip non existing resourceDirectory C:\Ranju\Check\src\test\resources
2019-11-14 09:56:39,976 [Worker-330] INFO  o.e.m.c.i.embedder.EclipseLogger - Using 'UTF-8' encoding to copy filtered resources.
2019-11-14 09:56:39,976 [Worker-330] INFO  o.e.m.c.i.embedder.EclipseLogger - skip non existing resourceDirectory C:\Ranju\Check\src\main\resources
2019-11-14 09:56:39,976 [Worker-330] INFO  o.e.m.c.i.embedder.EclipseLogger - Using 'UTF-8' encoding to copy filtered resources.
2019-11-14 09:56:39,976 [Worker-330] INFO  o.e.m.c.i.embedder.EclipseLogger - skip non existing resourceDirectory C:\Ranju\Check\src\test\resources
2019-11-14 09:57:56,102 [Worker-337] INFO  o.e.m.c.i.embedder.EclipseLogger - Using 'UTF-8' encoding to copy filtered resources.
2019-11-14 09:57:56,102 [Worker-337] INFO  o.e.m.c.i.embedder.EclipseLogger - skip non existing resourceDirectory C:\Ranju\Check\src\main\resources
2019-11-14 09:57:56,102 [Worker-337] INFO  o.e.m.c.i.embedder.EclipseLogger - Using 'UTF-8' encoding to copy filtered resources.
2019-11-14 09:57:56,102 [Worker-337] INFO  o.e.m.c.i.embedder.EclipseLogger - skip non existing resourceDirectory C:\Ranju\Check\src\test\resources
2019-11-14 09:59:05,819 [Worker-330] INFO  o.e.m.c.i.embedder.EclipseLogger - Using 'UTF-8' encoding to copy filtered resources.
2019-11-14 09:59:05,819 [Worker-330] INFO  o.e.m.c.i.embedder.EclipseLogger - skip non existing resourceDirectory C:\Ranju\Check\src\main\resources
2019-11-14 09:59:05,819 [Worker-330] INFO  o.e.m.c.i.embedder.EclipseLogger - Using 'UTF-8' encoding to copy filtered resources.
2019-11-14 09:59:05,819 [Worker-330] INFO  o.e.m.c.i.embedder.EclipseLogger - skip non existing resourceDirectory C:\Ranju\Check\src\test\resources
2019-11-14 10:00:08,409 [Worker-331] INFO  o.e.m.c.i.embedder.EclipseLogger - Using 'UTF-8' encoding to copy filtered resources.
2019-11-14 10:00:08,409 [Worker-331] INFO  o.e.m.c.i.embedder.EclipseLogger - skip non existing resourceDirectory C:\Ranju\Check\src\main\resources
2019-11-14 10:00:08,409 [Worker-331] INFO  o.e.m.c.i.embedder.EclipseLogger - Using 'UTF-8' encoding to copy filtered resources.
2019-11-14 10:00:08,409 [Worker-331] INFO  o.e.m.c.i.embedder.EclipseLogger - skip non existing resourceDirectory C:\Ranju\Check\src\test\resources
2019-11-14 10:01:32,019 [Worker-331] INFO  o.e.m.c.i.embedder.EclipseLogger - Using 'UTF-8' encoding to copy filtered resources.
2019-11-14 10:01:32,019 [Worker-331] INFO  o.e.m.c.i.embedder.EclipseLogger - skip non existing resourceDirectory C:\Ranju\Check\src\main\resources
2019-11-14 10:01:32,019 [Worker-331] INFO  o.e.m.c.i.embedder.EclipseLogger - Using 'UTF-8' encoding to copy filtered resources.
2019-11-14 10:01:32,019 [Worker-331] INFO  o.e.m.c.i.embedder.EclipseLogger - skip non existing resourceDirectory C:\Ranju\Check\src\test\resources
2019-11-14 10:09:12,754 [Worker-335] INFO  o.e.m.c.i.embedder.EclipseLogger - Using 'UTF-8' encoding to copy filtered resources.
2019-11-14 10:09:12,754 [Worker-335] INFO  o.e.m.c.i.embedder.EclipseLogger - skip non existing resourceDirectory C:\Ranju\Check\src\main\resources
2019-11-14 10:09:12,754 [Worker-335] INFO  o.e.m.c.i.embedder.EclipseLogger - Using 'UTF-8' encoding to copy filtered resources.
2019-11-14 10:09:12,754 [Worker-335] INFO  o.e.m.c.i.embedder.EclipseLogger - skip non existing resourceDirectory C:\Ranju\Check\src\test\resources
2019-11-14 10:13:49,477 [Worker-332] INFO  o.e.m.c.i.embedder.EclipseLogger - Using 'UTF-8' encoding to copy filtered resources.
2019-11-14 10:13:49,477 [Worker-332] INFO  o.e.m.c.i.embedder.EclipseLogger - skip non existing resourceDirectory C:\Ranju\Check\src\main\resources
2019-11-14 10:13:49,477 [Worker-332] INFO  o.e.m.c.i.embedder.EclipseLogger - Using 'UTF-8' encoding to copy filtered resources.
2019-11-14 10:13:49,477 [Worker-332] INFO  o.e.m.c.i.embedder.EclipseLogger - skip non existing resourceDirectory C:\Ranju\Check\src\test\resources
2019-11-14 10:52:38,476 [Worker-332] INFO  o.e.m.c.i.embedder.EclipseLogger - Using 'UTF-8' encoding to copy filtered resources.
2019-11-14 10:52:38,476 [Worker-332] INFO  o.e.m.c.i.embedder.EclipseLogger - skip non existing resourceDirectory C:\Ranju\Check\src\main\resources
2019-11-14 10:52:38,476 [Worker-332] INFO  o.e.m.c.i.embedder.EclipseLogger - Using 'UTF-8' encoding to copy filtered resources.
2019-11-14 10:52:38,476 [Worker-332] INFO  o.e.m.c.i.embedder.EclipseLogger - skip non existing resourceDirectory C:\Ranju\Check\src\test\resources
2019-11-14 10:53:57,110 [Worker-341] INFO  o.e.m.c.i.embedder.EclipseLogger - Using 'UTF-8' encoding to copy filtered resources.
2019-11-14 10:53:57,110 [Worker-341] INFO  o.e.m.c.i.embedder.EclipseLogger - skip non existing resourceDirectory C:\Ranju\Check\src\main\resources
2019-11-14 10:53:57,110 [Worker-341] INFO  o.e.m.c.i.embedder.EclipseLogger - Using 'UTF-8' encoding to copy filtered resources.
2019-11-14 10:53:57,110 [Worker-341] INFO  o.e.m.c.i.embedder.EclipseLogger - skip non existing resourceDirectory C:\Ranju\Check\src\test\resources
2019-11-14 10:58:10,513 [Worker-342] INFO  o.e.m.c.i.embedder.EclipseLogger - Using 'UTF-8' encoding to copy filtered resources.
2019-11-14 10:58:10,513 [Worker-342] INFO  o.e.m.c.i.embedder.EclipseLogger - skip non existing resourceDirectory C:\Ranju\Check\src\main\resources
2019-11-14 10:58:10,513 [Worker-342] INFO  o.e.m.c.i.embedder.EclipseLogger - Using 'UTF-8' encoding to copy filtered resources.
2019-11-14 10:58:10,529 [Worker-342] INFO  o.e.m.c.i.embedder.EclipseLogger - skip non existing resourceDirectory C:\Ranju\Check\src\test\resources
2019-11-14 11:00:24,265 [Worker-340] INFO  o.e.m.c.i.embedder.EclipseLogger - Using 'UTF-8' encoding to copy filtered resources.
2019-11-14 11:00:24,265 [Worker-340] INFO  o.e.m.c.i.embedder.EclipseLogger - skip non existing resourceDirectory C:\Ranju\Check\src\main\resources
2019-11-14 11:00:24,266 [Worker-340] INFO  o.e.m.c.i.embedder.EclipseLogger - Using 'UTF-8' encoding to copy filtered resources.
2019-11-14 11:00:24,267 [Worker-340] INFO  o.e.m.c.i.embedder.EclipseLogger - skip non existing resourceDirectory C:\Ranju\Check\src\test\resources
2019-11-14 11:03:10,861 [Worker-344] INFO  o.e.m.c.i.embedder.EclipseLogger - Using 'UTF-8' encoding to copy filtered resources.
2019-11-14 11:03:10,862 [Worker-344] INFO  o.e.m.c.i.embedder.EclipseLogger - skip non existing resourceDirectory C:\Ranju\Check\src\main\resources
2019-11-14 11:03:10,863 [Worker-344] INFO  o.e.m.c.i.embedder.EclipseLogger - Using 'UTF-8' encoding to copy filtered resources.
2019-11-14 11:03:10,863 [Worker-344] INFO  o.e.m.c.i.embedder.EclipseLogger - skip non existing resourceDirectory C:\Ranju\Check\src\test\resources
2019-11-14 11:04:42,599 [Worker-340] INFO  o.e.m.c.i.embedder.EclipseLogger - Using 'UTF-8' encoding to copy filtered resources.
2019-11-14 11:04:42,599 [Worker-340] INFO  o.e.m.c.i.embedder.EclipseLogger - skip non existing resourceDirectory C:\Ranju\Check\src\main\resources
2019-11-14 11:04:42,599 [Worker-340] INFO  o.e.m.c.i.embedder.EclipseLogger - Using 'UTF-8' encoding to copy filtered resources.
2019-11-14 11:04:42,599 [Worker-340] INFO  o.e.m.c.i.embedder.EclipseLogger - skip non existing resourceDirectory C:\Ranju\Check\src\test\resources
2019-11-14 11:05:40,932 [Worker-341] INFO  o.e.m.c.i.embedder.EclipseLogger - Using 'UTF-8' encoding to copy filtered resources.
2019-11-14 11:05:40,932 [Worker-341] INFO  o.e.m.c.i.embedder.EclipseLogger - skip non existing resourceDirectory C:\Ranju\Check\src\main\resources
2019-11-14 11:05:40,932 [Worker-341] INFO  o.e.m.c.i.embedder.EclipseLogger - Using 'UTF-8' encoding to copy filtered resources.
2019-11-14 11:05:40,932 [Worker-341] INFO  o.e.m.c.i.embedder.EclipseLogger - skip non existing resourceDirectory C:\Ranju\Check\src\test\resources
2019-11-14 11:06:03,437 [Worker-332] INFO  o.e.m.c.i.embedder.EclipseLogger - Using 'UTF-8' encoding to copy filtered resources.
2019-11-14 11:06:03,438 [Worker-332] INFO  o.e.m.c.i.embedder.EclipseLogger - skip non existing resourceDirectory C:\Ranju\Check\src\main\resources
2019-11-14 11:06:03,439 [Worker-332] INFO  o.e.m.c.i.embedder.EclipseLogger - Using 'UTF-8' encoding to copy filtered resources.
2019-11-14 11:06:03,439 [Worker-332] INFO  o.e.m.c.i.embedder.EclipseLogger - skip non existing resourceDirectory C:\Ranju\Check\src\test\resources
2019-11-14 11:08:56,774 [Worker-344] INFO  o.e.m.c.i.embedder.EclipseLogger - Using 'UTF-8' encoding to copy filtered resources.
2019-11-14 11:08:56,774 [Worker-344] INFO  o.e.m.c.i.embedder.EclipseLogger - skip non existing resourceDirectory C:\Ranju\Check\src\main\resources
2019-11-14 11:08:56,774 [Worker-344] INFO  o.e.m.c.i.embedder.EclipseLogger - Using 'UTF-8' encoding to copy filtered resources.
2019-11-14 11:08:56,774 [Worker-344] INFO  o.e.m.c.i.embedder.EclipseLogger - skip non existing resourceDirectory C:\Ranju\Check\src\test\resources
2019-11-14 11:09:39,281 [Worker-341] INFO  o.e.m.c.i.embedder.EclipseLogger - Using 'UTF-8' encoding to copy filtered resources.
2019-11-14 11:09:39,282 [Worker-341] INFO  o.e.m.c.i.embedder.EclipseLogger - skip non existing resourceDirectory C:\Ranju\Check\src\main\resources
2019-11-14 11:09:39,283 [Worker-341] INFO  o.e.m.c.i.embedder.EclipseLogger - Using 'UTF-8' encoding to copy filtered resources.
2019-11-14 11:09:39,283 [Worker-341] INFO  o.e.m.c.i.embedder.EclipseLogger - skip non existing resourceDirectory C:\Ranju\Check\src\test\resources
2019-11-14 11:10:56,465 [Worker-343] INFO  o.e.m.c.i.embedder.EclipseLogger - Using 'UTF-8' encoding to copy filtered resources.
2019-11-14 11:10:56,465 [Worker-343] INFO  o.e.m.c.i.embedder.EclipseLogger - skip non existing resourceDirectory C:\Ranju\Check\src\main\resources
2019-11-14 11:10:56,466 [Worker-343] INFO  o.e.m.c.i.embedder.EclipseLogger - Using 'UTF-8' encoding to copy filtered resources.
2019-11-14 11:10:56,466 [Worker-343] INFO  o.e.m.c.i.embedder.EclipseLogger - skip non existing resourceDirectory C:\Ranju\Check\src\test\resources
2019-11-14 11:12:20,882 [Worker-344] INFO  o.e.m.c.i.embedder.EclipseLogger - Using 'UTF-8' encoding to copy filtered resources.
2019-11-14 11:12:20,882 [Worker-344] INFO  o.e.m.c.i.embedder.EclipseLogger - skip non existing resourceDirectory C:\Ranju\Check\src\main\resources
2019-11-14 11:12:20,883 [Worker-344] INFO  o.e.m.c.i.embedder.EclipseLogger - Using 'UTF-8' encoding to copy filtered resources.
2019-11-14 11:12:20,883 [Worker-344] INFO  o.e.m.c.i.embedder.EclipseLogger - skip non existing resourceDirectory C:\Ranju\Check\src\test\resources
2019-11-14 12:31:30,034 [Worker-355] INFO  o.e.m.c.i.embedder.EclipseLogger - Using 'UTF-8' encoding to copy filtered resources.
2019-11-14 12:31:30,034 [Worker-355] INFO  o.e.m.c.i.embedder.EclipseLogger - skip non existing resourceDirectory C:\Ranju\Check\src\main\resources
2019-11-14 12:31:30,036 [Worker-355] INFO  o.e.m.c.i.embedder.EclipseLogger - Using 'UTF-8' encoding to copy filtered resources.
2019-11-14 12:31:30,036 [Worker-355] INFO  o.e.m.c.i.embedder.EclipseLogger - skip non existing resourceDirectory C:\Ranju\Check\src\test\resources
2019-11-14 12:32:57,337 [Worker-354] INFO  o.e.m.c.i.embedder.EclipseLogger - Using 'UTF-8' encoding to copy filtered resources.
2019-11-14 12:32:57,338 [Worker-354] INFO  o.e.m.c.i.embedder.EclipseLogger - skip non existing resourceDirectory C:\Ranju\Check\src\main\resources
2019-11-14 12:32:57,339 [Worker-354] INFO  o.e.m.c.i.embedder.EclipseLogger - Using 'UTF-8' encoding to copy filtered resources.
2019-11-14 12:32:57,339 [Worker-354] INFO  o.e.m.c.i.embedder.EclipseLogger - skip non existing resourceDirectory C:\Ranju\Check\src\test\resources
2019-11-14 12:34:14,637 [Worker-354] INFO  o.e.m.c.i.embedder.EclipseLogger - Using 'UTF-8' encoding to copy filtered resources.
2019-11-14 12:34:14,638 [Worker-354] INFO  o.e.m.c.i.embedder.EclipseLogger - skip non existing resourceDirectory C:\Ranju\Check\src\main\resources
2019-11-14 12:34:14,639 [Worker-354] INFO  o.e.m.c.i.embedder.EclipseLogger - Using 'UTF-8' encoding to copy filtered resources.
2019-11-14 12:34:14,639 [Worker-354] INFO  o.e.m.c.i.embedder.EclipseLogger - skip non existing resourceDirectory C:\Ranju\Check\src\test\resources
2019-11-14 12:40:46,339 [Worker-353] INFO  o.e.m.c.i.embedder.EclipseLogger - Using 'UTF-8' encoding to copy filtered resources.
2019-11-14 12:40:46,339 [Worker-353] INFO  o.e.m.c.i.embedder.EclipseLogger - skip non existing resourceDirectory C:\Ranju\Check\src\main\resources
2019-11-14 12:40:46,340 [Worker-353] INFO  o.e.m.c.i.embedder.EclipseLogger - Using 'UTF-8' encoding to copy filtered resources.
2019-11-14 12:40:46,340 [Worker-353] INFO  o.e.m.c.i.embedder.EclipseLogger - skip non existing resourceDirectory C:\Ranju\Check\src\test\resources
2019-11-14 12:41:31,924 [Worker-360] INFO  o.e.m.c.i.embedder.EclipseLogger - Using 'UTF-8' encoding to copy filtered resources.
2019-11-14 12:41:31,925 [Worker-360] INFO  o.e.m.c.i.embedder.EclipseLogger - skip non existing resourceDirectory C:\Ranju\Check\src\main\resources
2019-11-14 12:41:31,928 [Worker-360] INFO  o.e.m.c.i.embedder.EclipseLogger - Using 'UTF-8' encoding to copy filtered resources.
2019-11-14 12:41:31,928 [Worker-360] INFO  o.e.m.c.i.embedder.EclipseLogger - skip non existing resourceDirectory C:\Ranju\Check\src\test\resources
2019-11-14 12:42:04,051 [Worker-353] INFO  o.e.m.c.i.embedder.EclipseLogger - Using 'UTF-8' encoding to copy filtered resources.
2019-11-14 12:42:04,052 [Worker-353] INFO  o.e.m.c.i.embedder.EclipseLogger - skip non existing resourceDirectory C:\Ranju\Check\src\main\resources
2019-11-14 12:42:04,052 [Worker-353] INFO  o.e.m.c.i.embedder.EclipseLogger - Using 'UTF-8' encoding to copy filtered resources.
2019-11-14 12:42:04,053 [Worker-353] INFO  o.e.m.c.i.embedder.EclipseLogger - skip non existing resourceDirectory C:\Ranju\Check\src\test\resources
2019-11-14 12:45:58,331 [Worker-362] INFO  o.e.m.c.i.embedder.EclipseLogger - Using 'UTF-8' encoding to copy filtered resources.
2019-11-14 12:45:58,331 [Worker-362] INFO  o.e.m.c.i.embedder.EclipseLogger - skip non existing resourceDirectory C:\Ranju\Check\src\main\resources
2019-11-14 12:45:58,347 [Worker-362] INFO  o.e.m.c.i.embedder.EclipseLogger - Using 'UTF-8' encoding to copy filtered resources.
2019-11-14 12:45:58,347 [Worker-362] INFO  o.e.m.c.i.embedder.EclipseLogger - skip non existing resourceDirectory C:\Ranju\Check\src\test\resources
2019-11-14 12:46:40,437 [Worker-357] INFO  o.e.m.c.i.embedder.EclipseLogger - Using 'UTF-8' encoding to copy filtered resources.
2019-11-14 12:46:40,437 [Worker-357] INFO  o.e.m.c.i.embedder.EclipseLogger - skip non existing resourceDirectory C:\Ranju\Check\src\main\resources
2019-11-14 12:46:40,437 [Worker-357] INFO  o.e.m.c.i.embedder.EclipseLogger - Using 'UTF-8' encoding to copy filtered resources.
2019-11-14 12:46:40,437 [Worker-357] INFO  o.e.m.c.i.embedder.EclipseLogger - skip non existing resourceDirectory C:\Ranju\Check\src\test\resources
2019-11-14 12:47:10,948 [Worker-361] INFO  o.e.m.c.i.embedder.EclipseLogger - Using 'UTF-8' encoding to copy filtered resources.
2019-11-14 12:47:10,948 [Worker-361] INFO  o.e.m.c.i.embedder.EclipseLogger - skip non existing resourceDirectory C:\Ranju\Check\src\main\resources
2019-11-14 12:47:10,948 [Worker-361] INFO  o.e.m.c.i.embedder.EclipseLogger - Using 'UTF-8' encoding to copy filtered resources.
2019-11-14 12:47:10,948 [Worker-361] INFO  o.e.m.c.i.embedder.EclipseLogger - skip non existing resourceDirectory C:\Ranju\Check\src\test\resources
2019-11-14 16:02:19,003 [Worker-370] INFO  o.e.m.c.i.embedder.EclipseLogger - Using 'UTF-8' encoding to copy filtered resources.
2019-11-14 16:02:19,004 [Worker-370] INFO  o.e.m.c.i.embedder.EclipseLogger - skip non existing resourceDirectory C:\Ranju\Check\src\main\resources
2019-11-14 16:02:19,006 [Worker-370] INFO  o.e.m.c.i.embedder.EclipseLogger - Using 'UTF-8' encoding to copy filtered resources.
2019-11-14 16:02:19,006 [Worker-370] INFO  o.e.m.c.i.embedder.EclipseLogger - skip non existing resourceDirectory C:\Ranju\Check\src\test\resources
2019-11-14 16:13:50,386 [Worker-370] INFO  o.e.m.c.i.embedder.EclipseLogger - Using 'UTF-8' encoding to copy filtered resources.
2019-11-14 16:13:50,386 [Worker-370] INFO  o.e.m.c.i.embedder.EclipseLogger - skip non existing resourceDirectory C:\Ranju\Check\src\main\resources
2019-11-14 16:13:50,386 [Worker-370] INFO  o.e.m.c.i.embedder.EclipseLogger - Using 'UTF-8' encoding to copy filtered resources.
2019-11-14 16:13:50,386 [Worker-370] INFO  o.e.m.c.i.embedder.EclipseLogger - skip non existing resourceDirectory C:\Ranju\Check\src\test\resources
2019-11-14 16:33:21,458 [Worker-374] INFO  o.e.m.c.i.embedder.EclipseLogger - Using 'UTF-8' encoding to copy filtered resources.
2019-11-14 16:33:21,458 [Worker-374] INFO  o.e.m.c.i.embedder.EclipseLogger - skip non existing resourceDirectory C:\Ranju\Check\src\main\resources
2019-11-14 16:33:21,458 [Worker-374] INFO  o.e.m.c.i.embedder.EclipseLogger - Using 'UTF-8' encoding to copy filtered resources.
2019-11-14 16:33:21,458 [Worker-374] INFO  o.e.m.c.i.embedder.EclipseLogger - skip non existing resourceDirectory C:\Ranju\Check\src\test\resources
2019-11-14 16:33:29,101 [Worker-376] INFO  o.e.m.c.i.embedder.EclipseLogger - Using 'UTF-8' encoding to copy filtered resources.
2019-11-14 16:33:29,101 [Worker-376] INFO  o.e.m.c.i.embedder.EclipseLogger - skip non existing resourceDirectory C:\Ranju\Check\src\main\resources
2019-11-14 16:33:29,101 [Worker-376] INFO  o.e.m.c.i.embedder.EclipseLogger - Using 'UTF-8' encoding to copy filtered resources.
2019-11-14 16:33:29,101 [Worker-376] INFO  o.e.m.c.i.embedder.EclipseLogger - skip non existing resourceDirectory C:\Ranju\Check\src\test\resources
2019-11-14 16:34:59,474 [Worker-374] INFO  o.e.m.c.i.embedder.EclipseLogger - Using 'UTF-8' encoding to copy filtered resources.
2019-11-14 16:34:59,474 [Worker-374] INFO  o.e.m.c.i.embedder.EclipseLogger - skip non existing resourceDirectory C:\Ranju\Check\src\main\resources
2019-11-14 16:34:59,490 [Worker-374] INFO  o.e.m.c.i.embedder.EclipseLogger - Using 'UTF-8' encoding to copy filtered resources.
2019-11-14 16:34:59,490 [Worker-374] INFO  o.e.m.c.i.embedder.EclipseLogger - skip non existing resourceDirectory C:\Ranju\Check\src\test\resources
2019-11-14 16:39:06,702 [Worker-377] INFO  o.e.m.c.i.embedder.EclipseLogger - Using 'UTF-8' encoding to copy filtered resources.
2019-11-14 16:39:06,702 [Worker-377] INFO  o.e.m.c.i.embedder.EclipseLogger - skip non existing resourceDirectory C:\Ranju\Check\src\main\resources
2019-11-14 16:39:06,702 [Worker-377] INFO  o.e.m.c.i.embedder.EclipseLogger - Using 'UTF-8' encoding to copy filtered resources.
2019-11-14 16:39:06,702 [Worker-377] INFO  o.e.m.c.i.embedder.EclipseLogger - skip non existing resourceDirectory C:\Ranju\Check\src\test\resources
2019-11-14 16:39:33,993 [Worker-372] INFO  o.e.m.c.i.embedder.EclipseLogger - Using 'UTF-8' encoding to copy filtered resources.
2019-11-14 16:39:33,993 [Worker-372] INFO  o.e.m.c.i.embedder.EclipseLogger - skip non existing resourceDirectory C:\Ranju\Check\src\main\resources
2019-11-14 16:39:33,993 [Worker-372] INFO  o.e.m.c.i.embedder.EclipseLogger - Using 'UTF-8' encoding to copy filtered resources.
2019-11-14 16:39:33,993 [Worker-372] INFO  o.e.m.c.i.embedder.EclipseLogger - skip non existing resourceDirectory C:\Ranju\Check\src\test\resources
2019-11-14 16:41:25,759 [Worker-377] INFO  o.e.m.c.i.embedder.EclipseLogger - Using 'UTF-8' encoding to copy filtered resources.
2019-11-14 16:41:25,759 [Worker-377] INFO  o.e.m.c.i.embedder.EclipseLogger - skip non existing resourceDirectory C:\Ranju\Check\src\main\resources
2019-11-14 16:41:25,759 [Worker-377] INFO  o.e.m.c.i.embedder.EclipseLogger - Using 'UTF-8' encoding to copy filtered resources.
2019-11-14 16:41:25,759 [Worker-377] INFO  o.e.m.c.i.embedder.EclipseLogger - skip non existing resourceDirectory C:\Ranju\Check\src\test\resources
2019-11-14 16:46:09,093 [Worker-378] INFO  o.e.m.c.i.embedder.EclipseLogger - Using 'UTF-8' encoding to copy filtered resources.
2019-11-14 16:46:09,093 [Worker-378] INFO  o.e.m.c.i.embedder.EclipseLogger - skip non existing resourceDirectory C:\Ranju\Check\src\main\resources
2019-11-14 16:46:09,093 [Worker-378] INFO  o.e.m.c.i.embedder.EclipseLogger - Using 'UTF-8' encoding to copy filtered resources.
2019-11-14 16:46:09,093 [Worker-378] INFO  o.e.m.c.i.embedder.EclipseLogger - skip non existing resourceDirectory C:\Ranju\Check\src\test\resources
2019-11-14 16:46:30,123 [Worker-377] INFO  o.e.m.c.i.embedder.EclipseLogger - Using 'UTF-8' encoding to copy filtered resources.
2019-11-14 16:46:30,123 [Worker-377] INFO  o.e.m.c.i.embedder.EclipseLogger - skip non existing resourceDirectory C:\Ranju\Check\src\main\resources
2019-11-14 16:46:30,123 [Worker-377] INFO  o.e.m.c.i.embedder.EclipseLogger - Using 'UTF-8' encoding to copy filtered resources.
2019-11-14 16:46:30,123 [Worker-377] INFO  o.e.m.c.i.embedder.EclipseLogger - skip non existing resourceDirectory C:\Ranju\Check\src\test\resources
2019-11-14 16:50:33,996 [Worker-380] INFO  o.e.m.c.i.embedder.EclipseLogger - Using 'UTF-8' encoding to copy filtered resources.
2019-11-14 16:50:33,996 [Worker-380] INFO  o.e.m.c.i.embedder.EclipseLogger - skip non existing resourceDirectory C:\Ranju\Check\src\main\resources
2019-11-14 16:50:33,996 [Worker-380] INFO  o.e.m.c.i.embedder.EclipseLogger - Using 'UTF-8' encoding to copy filtered resources.
2019-11-14 16:50:33,996 [Worker-380] INFO  o.e.m.c.i.embedder.EclipseLogger - skip non existing resourceDirectory C:\Ranju\Check\src\test\resources
2019-11-14 16:50:37,933 [Worker-378] INFO  o.e.m.c.i.embedder.EclipseLogger - Using 'UTF-8' encoding to copy filtered resources.
2019-11-14 16:50:37,933 [Worker-378] INFO  o.e.m.c.i.embedder.EclipseLogger - skip non existing resourceDirectory C:\Ranju\Check\src\main\resources
2019-11-14 16:50:37,933 [Worker-378] INFO  o.e.m.c.i.embedder.EclipseLogger - Using 'UTF-8' encoding to copy filtered resources.
2019-11-14 16:50:37,933 [Worker-378] INFO  o.e.m.c.i.embedder.EclipseLogger - skip non existing resourceDirectory C:\Ranju\Check\src\test\resources
2019-11-14 16:52:51,601 [Worker-379] INFO  o.e.m.c.i.embedder.EclipseLogger - Using 'UTF-8' encoding to copy filtered resources.
2019-11-14 16:52:51,601 [Worker-379] INFO  o.e.m.c.i.embedder.EclipseLogger - skip non existing resourceDirectory C:\Ranju\Check\src\main\resources
2019-11-14 16:52:51,617 [Worker-379] INFO  o.e.m.c.i.embedder.EclipseLogger - Using 'UTF-8' encoding to copy filtered resources.
2019-11-14 16:52:51,617 [Worker-379] INFO  o.e.m.c.i.embedder.EclipseLogger - skip non existing resourceDirectory C:\Ranju\Check\src\test\resources
2019-11-14 16:53:12,777 [Worker-377] INFO  o.e.m.c.i.l.LifecycleMappingFactory - Using org.eclipse.m2e.jdt.JarLifecycleMapping lifecycle mapping for MavenProject: Sdemo1:Check:0.0.1-SNAPSHOT @ C:\Ranju\Check\pom.xml.
2019-11-14 16:53:14,387 [Worker-377] INFO  o.e.m.c.i.e.AbstractTransferListenerAdapter - Downloading https://repo.maven.apache.org/maven2/org/apache/poi/poi/3.9/poi-3.9.pom
2019-11-14 16:53:14,652 [Worker-377] INFO  o.e.m.c.i.e.AbstractTransferListenerAdapter - Downloaded https://repo.maven.apache.org/maven2/org/apache/poi/poi/3.9/poi-3.9.pom
2019-11-14 16:53:14,840 [Worker-377] INFO  o.e.m.c.i.e.AbstractTransferListenerAdapter - Downloading https://repo.maven.apache.org/maven2/commons-codec/commons-codec/1.5/commons-codec-1.5.pom
2019-11-14 16:53:15,012 [Worker-377] INFO  o.e.m.c.i.e.AbstractTransferListenerAdapter - Downloaded https://repo.maven.apache.org/maven2/commons-codec/commons-codec/1.5/commons-codec-1.5.pom
2019-11-14 16:53:15,183 [Worker-377] INFO  o.e.m.c.i.e.AbstractTransferListenerAdapter - Downloading https://repo.maven.apache.org/maven2/org/apache/commons/commons-parent/20/commons-parent-20.pom
2019-11-14 16:53:15,543 [Worker-377] INFO  o.e.m.c.i.e.AbstractTransferListenerAdapter - Downloaded https://repo.maven.apache.org/maven2/org/apache/commons/commons-parent/20/commons-parent-20.pom
2019-11-14 16:53:15,777 [Worker-377] INFO  o.e.m.c.i.e.AbstractTransferListenerAdapter - Downloading https://repo.maven.apache.org/maven2/org/apache/poi/poi-ooxml/3.9/poi-ooxml-3.9.pom
2019-11-14 16:53:15,980 [Worker-377] INFO  o.e.m.c.i.e.AbstractTransferListenerAdapter - Downloaded https://repo.maven.apache.org/maven2/org/apache/poi/poi-ooxml/3.9/poi-ooxml-3.9.pom
2019-11-14 16:53:16,152 [Worker-377] INFO  o.e.m.c.i.e.AbstractTransferListenerAdapter - Downloading https://repo.maven.apache.org/maven2/org/apache/poi/poi-ooxml-schemas/3.9/poi-ooxml-schemas-3.9.pom
2019-11-14 16:53:16,355 [Worker-377] INFO  o.e.m.c.i.e.AbstractTransferListenerAdapter - Downloaded https://repo.maven.apache.org/maven2/org/apache/poi/poi-ooxml-schemas/3.9/poi-ooxml-schemas-3.9.pom
2019-11-14 16:53:16,574 [Worker-377] INFO  o.e.m.c.i.e.AbstractTransferListenerAdapter - Downloading https://repo.maven.apache.org/maven2/org/apache/xmlbeans/xmlbeans/2.3.0/xmlbeans-2.3.0.pom
2019-11-14 16:53:16,746 [Worker-377] INFO  o.e.m.c.i.e.AbstractTransferListenerAdapter - Downloaded https://repo.maven.apache.org/maven2/org/apache/xmlbeans/xmlbeans/2.3.0/xmlbeans-2.3.0.pom
2019-11-14 16:53:16,933 [Worker-377] INFO  o.e.m.c.i.e.AbstractTransferListenerAdapter - Downloading https://repo.maven.apache.org/maven2/stax/stax-api/1.0.1/stax-api-1.0.1.pom
2019-11-14 16:53:17,121 [Worker-377] INFO  o.e.m.c.i.e.AbstractTransferListenerAdapter - Downloaded https://repo.maven.apache.org/maven2/stax/stax-api/1.0.1/stax-api-1.0.1.pom
2019-11-14 16:53:17,308 [Worker-377] INFO  o.e.m.c.i.e.AbstractTransferListenerAdapter - Downloading https://repo.maven.apache.org/maven2/dom4j/dom4j/1.6.1/dom4j-1.6.1.pom
2019-11-14 16:53:17,496 [Worker-377] INFO  o.e.m.c.i.e.AbstractTransferListenerAdapter - Downloaded https://repo.maven.apache.org/maven2/dom4j/dom4j/1.6.1/dom4j-1.6.1.pom
2019-11-14 16:53:17,668 [Worker-377] INFO  o.e.m.c.i.e.AbstractTransferListenerAdapter - Downloading https://repo.maven.apache.org/maven2/xml-apis/xml-apis/1.0.b2/xml-apis-1.0.b2.pom
2019-11-14 16:53:17,871 [Worker-377] INFO  o.e.m.c.i.e.AbstractTransferListenerAdapter - Downloaded https://repo.maven.apache.org/maven2/xml-apis/xml-apis/1.0.b2/xml-apis-1.0.b2.pom
2019-11-14 16:53:18,105 [Worker-377] INFO  o.e.m.c.i.e.AbstractTransferListenerAdapter - Downloading https://repo.maven.apache.org/maven2/org/apache/poi/poi/3.9/poi-3.9.jar
2019-11-14 16:53:19,730 [Worker-377] INFO  o.e.m.c.i.e.AbstractTransferListenerAdapter - Downloaded https://repo.maven.apache.org/maven2/org/apache/poi/poi/3.9/poi-3.9.jar
2019-11-14 16:53:19,902 [Worker-377] INFO  o.e.m.c.i.e.AbstractTransferListenerAdapter - Downloading https://repo.maven.apache.org/maven2/commons-codec/commons-codec/1.5/commons-codec-1.5.jar
2019-11-14 16:53:20,089 [Worker-377] INFO  o.e.m.c.i.e.AbstractTransferListenerAdapter - Downloaded https://repo.maven.apache.org/maven2/commons-codec/commons-codec/1.5/commons-codec-1.5.jar
2019-11-14 16:53:20,261 [Worker-377] INFO  o.e.m.c.i.e.AbstractTransferListenerAdapter - Downloading https://repo.maven.apache.org/maven2/org/apache/poi/poi-ooxml/3.9/poi-ooxml-3.9.jar
2019-11-14 16:53:21,167 [Worker-377] INFO  o.e.m.c.i.e.AbstractTransferListenerAdapter - Downloaded https://repo.maven.apache.org/maven2/org/apache/poi/poi-ooxml/3.9/poi-ooxml-3.9.jar
2019-11-14 16:53:21,355 [Worker-377] INFO  o.e.m.c.i.e.AbstractTransferListenerAdapter - Downloading https://repo.maven.apache.org/maven2/org/apache/poi/poi-ooxml-schemas/3.9/poi-ooxml-schemas-3.9.jar
2019-11-14 16:53:25,402 [Worker-377] INFO  o.e.m.c.i.e.AbstractTransferListenerAdapter - Downloaded https://repo.maven.apache.org/maven2/org/apache/poi/poi-ooxml-schemas/3.9/poi-ooxml-schemas-3.9.jar
2019-11-14 16:53:25,573 [Worker-377] INFO  o.e.m.c.i.e.AbstractTransferListenerAdapter - Downloading https://repo.maven.apache.org/maven2/org/apache/xmlbeans/xmlbeans/2.3.0/xmlbeans-2.3.0.jar
2019-11-14 16:53:27,964 [Worker-377] INFO  o.e.m.c.i.e.AbstractTransferListenerAdapter - Downloaded https://repo.maven.apache.org/maven2/org/apache/xmlbeans/xmlbeans/2.3.0/xmlbeans-2.3.0.jar
2019-11-14 16:53:28,136 [Worker-377] INFO  o.e.m.c.i.e.AbstractTransferListenerAdapter - Downloading https://repo.maven.apache.org/maven2/stax/stax-api/1.0.1/stax-api-1.0.1.jar
2019-11-14 16:53:28,308 [Worker-377] INFO  o.e.m.c.i.e.AbstractTransferListenerAdapter - Downloaded https://repo.maven.apache.org/maven2/stax/stax-api/1.0.1/stax-api-1.0.1.jar
2019-11-14 16:53:28,480 [Worker-377] INFO  o.e.m.c.i.e.AbstractTransferListenerAdapter - Downloading https://repo.maven.apache.org/maven2/dom4j/dom4j/1.6.1/dom4j-1.6.1.jar
2019-11-14 16:53:28,839 [Worker-377] INFO  o.e.m.c.i.e.AbstractTransferListenerAdapter - Downloaded https://repo.maven.apache.org/maven2/dom4j/dom4j/1.6.1/dom4j-1.6.1.jar
2019-11-14 16:53:29,011 [Worker-377] INFO  o.e.m.c.i.e.AbstractTransferListenerAdapter - Downloading https://repo.maven.apache.org/maven2/xml-apis/xml-apis/1.0.b2/xml-apis-1.0.b2.jar
2019-11-14 16:53:29,214 [Worker-377] INFO  o.e.m.c.i.e.AbstractTransferListenerAdapter - Downloaded https://repo.maven.apache.org/maven2/xml-apis/xml-apis/1.0.b2/xml-apis-1.0.b2.jar
2019-11-14 16:53:31,573 [Worker-377] INFO  o.e.m.c.i.embedder.EclipseLogger - Using 'UTF-8' encoding to copy filtered resources.
2019-11-14 16:53:31,573 [Worker-377] INFO  o.e.m.c.i.embedder.EclipseLogger - skip non existing resourceDirectory C:\Ranju\Check\src\main\resources
2019-11-14 16:53:31,573 [Worker-377] INFO  o.e.m.c.i.embedder.EclipseLogger - Using 'UTF-8' encoding to copy filtered resources.
2019-11-14 16:53:31,573 [Worker-377] INFO  o.e.m.c.i.embedder.EclipseLogger - skip non existing resourceDirectory C:\Ranju\Check\src\test\resources
2019-11-14 16:53:34,370 [Worker-378] INFO  o.e.m.c.i.embedder.EclipseLogger - Using 'UTF-8' encoding to copy filtered resources.
2019-11-14 16:53:34,370 [Worker-378] INFO  o.e.m.c.i.embedder.EclipseLogger - skip non existing resourceDirectory C:\Ranju\Check\src\main\resources
2019-11-14 16:53:34,385 [Worker-378] INFO  o.e.m.c.i.embedder.EclipseLogger - Using 'UTF-8' encoding to copy filtered resources.
2019-11-14 16:53:34,385 [Worker-378] INFO  o.e.m.c.i.embedder.EclipseLogger - skip non existing resourceDirectory C:\Ranju\Check\src\test\resources
2019-11-15 17:58:55,115 [Worker-1] INFO  o.e.m.c.i.l.LifecycleMappingFactory - Using org.eclipse.m2e.jdt.JarLifecycleMapping lifecycle mapping for MavenProject: Sdemo1:Check:0.0.1-SNAPSHOT @ C:\Ranju\Check\pom.xml.
2019-11-15 17:58:55,115 [Worker-4] INFO  o.e.m.c.i.l.LifecycleMappingFactory - Using org.eclipse.m2e.jdt.JarLifecycleMapping lifecycle mapping for MavenProject: Sdemo1:Check:0.0.1-SNAPSHOT @ C:\Ranju\Check\pom.xml.
2019-11-15 17:58:58,276 [Worker-4] INFO  o.e.m.c.i.embedder.EclipseLogger - Using 'UTF-8' encoding to copy filtered resources.
2019-11-15 17:58:58,329 [Worker-4] INFO  o.e.m.c.i.embedder.EclipseLogger - skip non existing resourceDirectory C:\Ranju\Check\src\main\resources
2019-11-15 17:58:58,334 [Worker-4] INFO  o.e.m.c.i.embedder.EclipseLogger - Using 'UTF-8' encoding to copy filtered resources.
2019-11-15 17:58:58,335 [Worker-4] INFO  o.e.m.c.i.embedder.EclipseLogger - skip non existing resourceDirectory C:\Ranju\Check\src\test\resources
2019-11-15 17:58:59,335 [Worker-10] INFO  o.e.m.c.i.l.LifecycleMappingFactory - Using org.eclipse.m2e.jdt.JarLifecycleMapping lifecycle mapping for MavenProject: Sdemo1:Check:0.0.1-SNAPSHOT @ C:\Ranju\Check\pom.xml.
2019-11-15 17:59:00,585 [Worker-18] INFO  o.e.m.c.i.embedder.EclipseLogger - Using 'UTF-8' encoding to copy filtered resources.
2019-11-15 17:59:00,586 [Worker-18] INFO  o.e.m.c.i.embedder.EclipseLogger - skip non existing resourceDirectory C:\Ranju\Check\src\main\resources
2019-11-15 17:59:00,588 [Worker-18] INFO  o.e.m.c.i.embedder.EclipseLogger - Using 'UTF-8' encoding to copy filtered resources.
2019-11-15 17:59:00,589 [Worker-18] INFO  o.e.m.c.i.embedder.EclipseLogger - skip non existing resourceDirectory C:\Ranju\Check\src\test\resources
2019-11-15 17:59:02,699 [Worker-5] INFO  c.g.t.t.d.PublishedGradleVersions - Gradle version information cache is out-of-date. Trying to update.
